<?xml version="1.0" encoding="UTF-8"?>
<testng-results ignored="0" total="1" passed="1" failed="0" skipped="0">
  <reporter-output>
  </reporter-output>
  <suite started-at="2025-08-12T12:19:29 IST" name="Default suite" finished-at="2025-08-12T12:19:29 IST" duration-ms="141">
    <groups>
    </groups>
    <test started-at="2025-08-12T12:19:29 IST" name="Default test" finished-at="2025-08-12T12:19:29 IST" duration-ms="141">
      <class name="task.task.com.NewTest">
        <test-method signature="firstTest()[pri:0, instance:task.task.com.NewTest@5bd03f44]" started-at="2025-08-12T12:19:29 IST" name="firstTest" finished-at="2025-08-12T12:19:29 IST" duration-ms="36" status="PASS">
          <reporter-output>
          </reporter-output>
        </test-method> <!-- firstTest -->
      </class> <!-- task.task.com.NewTest -->
    </test> <!-- Default test -->
  </suite> <!-- Default suite -->
</testng-results>
